[36m--[0m Using CATKIN_DEVEL_PREFIX: /home/de/catkin_ws/devel/.private/aruco
[36m--[0m Using CMAKE_PREFIX_PATH: /home/de/catkin_ws/devel;/opt/ros/kinetic
[36m--[0m This workspace overlays: /home/de/catkin_ws/devel;/opt/ros/kinetic
[36m--[0m Found PythonInterp: /usr/bin/python2 (found suitable version "2.7.12", minimum required is "2")
[36m--[0m Using PYTHON_EXECUTABLE: /usr/bin/python2
[36m--[0m Using Debian Python package layout
[36m--[0m Using empy: /usr/bin/empy
[36m--[0m Using CATKIN_ENABLE_TESTING: ON
[36m--[0m Call enable_testing()
[36m--[0m Using CATKIN_TEST_RESULTS_DIR: /home/de/catkin_ws/build/aruco/test_results
[36m--[0m Found gtest sources under '/usr/src/gmock': gtests will be built
[36m--[0m Found gmock sources under '/usr/src/gmock': gmock will be built
[36m--[0m Found PythonInterp: /usr/bin/python2 (found version "2.7.12")
[36m--[0m Using Python nosetests: /usr/bin/nosetests-2.7
[36m--[0m catkin 0.7.29
[36m--[0m BUILD_SHARED_LIBS is on
[31m[1mCMake Error[0m at /home/de/catkin_ws/src/aruco_ros/aruco/CMakeLists.txt:6 (find_package):
  Could not find a configuration file for package "OpenCV" that is compatible
  with requested version "4.2.0".

  The following configuration files were considered but not accepted:

    /opt/ros/kinetic/share/OpenCV-3.3.1-dev/OpenCVConfig.cmake, version: 3.3.1
    /opt/ros/kinetic/share/OpenCV-3.3.1-dev/OpenCVConfig.cmake, version: 3.3.1
    /usr/share/OpenCV/OpenCVConfig.cmake, version: 2.4.9.1



[36m--[0m Configuring incomplete, errors occurred!
See also "/home/de/catkin_ws/build/aruco/CMakeFiles/CMakeOutput.log".
See also "/home/de/catkin_ws/build/aruco/CMakeFiles/CMakeError.log".
Makefile:600: recipe for target 'cmake_check_build_system' failed
make: *** [cmake_check_build_system] Error 1
