Determining if the pthread_create exist failed with the following output:
Change Dir: /home/jplda23/catkin_ws/build/mbot_odom_gt/CMakeFiles/CMakeTmp

Run Build Command:"/usr/bin/make" "cmTC_e10bf/fast"
/usr/bin/make -f CMakeFiles/cmTC_e10bf.dir/build.make CMakeFiles/cmTC_e10bf.dir/build
make[1]: Entering directory '/home/jplda23/catkin_ws/build/mbot_odom_gt/CMakeFiles/CMakeTmp'
Building C object CMakeFiles/cmTC_e10bf.dir/CheckSymbolExists.c.o
/usr/bin/cc     -o CMakeFiles/cmTC_e10bf.dir/CheckSymbolExists.c.o   -c /home/jplda23/catkin_ws/build/mbot_odom_gt/CMakeFiles/CMakeTmp/CheckSymbolExists.c
Linking C executable cmTC_e10bf
/usr/bin/cmake -E cmake_link_script CMakeFiles/cmTC_e10bf.dir/link.txt --verbose=1
/usr/bin/cc       CMakeFiles/cmTC_e10bf.dir/CheckSymbolExists.c.o  -o cmTC_e10bf -rdynamic 
CMakeFiles/cmTC_e10bf.dir/CheckSymbolExists.c.o: In function `main':
CheckSymbolExists.c:(.text+0x16): undefined reference to `pthread_create'
collect2: error: ld returned 1 exit status
CMakeFiles/cmTC_e10bf.dir/build.make:97: recipe for target 'cmTC_e10bf' failed
make[1]: *** [cmTC_e10bf] Error 1
make[1]: Leaving directory '/home/jplda23/catkin_ws/build/mbot_odom_gt/CMakeFiles/CMakeTmp'
Makefile:126: recipe for target 'cmTC_e10bf/fast' failed
make: *** [cmTC_e10bf/fast] Error 2

File /home/jplda23/catkin_ws/build/mbot_odom_gt/CMakeFiles/CMakeTmp/CheckSymbolExists.c:
/* */
#include <pthread.h>

int main(int argc, char** argv)
{
  (void)argv;
#ifndef pthread_create
  return ((int*)(&pthread_create))[argc];
#else
  (void)argc;
  return 0;
#endif
}

Determining if the function pthread_create exists in the pthreads failed with the following output:
Change Dir: /home/jplda23/catkin_ws/build/mbot_odom_gt/CMakeFiles/CMakeTmp

Run Build Command:"/usr/bin/make" "cmTC_39b97/fast"
/usr/bin/make -f CMakeFiles/cmTC_39b97.dir/build.make CMakeFiles/cmTC_39b97.dir/build
make[1]: Entering directory '/home/jplda23/catkin_ws/build/mbot_odom_gt/CMakeFiles/CMakeTmp'
Building C object CMakeFiles/cmTC_39b97.dir/CheckFunctionExists.c.o
/usr/bin/cc    -DCHECK_FUNCTION_EXISTS=pthread_create   -o CMakeFiles/cmTC_39b97.dir/CheckFunctionExists.c.o   -c /usr/share/cmake-3.5/Modules/CheckFunctionExists.c
Linking C executable cmTC_39b97
/usr/bin/cmake -E cmake_link_script CMakeFiles/cmTC_39b97.dir/link.txt --verbose=1
/usr/bin/cc   -DCHECK_FUNCTION_EXISTS=pthread_create    CMakeFiles/cmTC_39b97.dir/CheckFunctionExists.c.o  -o cmTC_39b97 -rdynamic -lpthreads 
/usr/bin/ld: cannot find -lpthreads
collect2: error: ld returned 1 exit status
CMakeFiles/cmTC_39b97.dir/build.make:97: recipe for target 'cmTC_39b97' failed
make[1]: *** [cmTC_39b97] Error 1
make[1]: Leaving directory '/home/jplda23/catkin_ws/build/mbot_odom_gt/CMakeFiles/CMakeTmp'
Makefile:126: recipe for target 'cmTC_39b97/fast' failed
make: *** [cmTC_39b97/fast] Error 2


