Determining if the pthread_create exist failed with the following output:
Change Dir: /home/jplda23/catkin_ws/build/cob_scan_unifier/CMakeFiles/CMakeTmp

Run Build Command:"/usr/bin/make" "cmTC_f37a3/fast"
/usr/bin/make -f CMakeFiles/cmTC_f37a3.dir/build.make CMakeFiles/cmTC_f37a3.dir/build
make[1]: Entering directory '/home/jplda23/catkin_ws/build/cob_scan_unifier/CMakeFiles/CMakeTmp'
Building C object CMakeFiles/cmTC_f37a3.dir/CheckSymbolExists.c.o
/usr/bin/cc    -Wall -O3    -o CMakeFiles/cmTC_f37a3.dir/CheckSymbolExists.c.o   -c /home/jplda23/catkin_ws/build/cob_scan_unifier/CMakeFiles/CMakeTmp/CheckSymbolExists.c
Linking C executable cmTC_f37a3
/usr/bin/cmake -E cmake_link_script CMakeFiles/cmTC_f37a3.dir/link.txt --verbose=1
/usr/bin/cc   -Wall -O3     CMakeFiles/cmTC_f37a3.dir/CheckSymbolExists.c.o  -o cmTC_f37a3 -rdynamic 
CMakeFiles/cmTC_f37a3.dir/CheckSymbolExists.c.o: In function `main':
CheckSymbolExists.c:(.text.startup+0x6): undefined reference to `pthread_create'
collect2: error: ld returned 1 exit status
CMakeFiles/cmTC_f37a3.dir/build.make:97: recipe for target 'cmTC_f37a3' failed
make[1]: *** [cmTC_f37a3] Error 1
make[1]: Leaving directory '/home/jplda23/catkin_ws/build/cob_scan_unifier/CMakeFiles/CMakeTmp'
Makefile:126: recipe for target 'cmTC_f37a3/fast' failed
make: *** [cmTC_f37a3/fast] Error 2

File /home/jplda23/catkin_ws/build/cob_scan_unifier/CMakeFiles/CMakeTmp/CheckSymbolExists.c:
/* */
#include <pthread.h>

int main(int argc, char** argv)
{
  (void)argv;
#ifndef pthread_create
  return ((int*)(&pthread_create))[argc];
#else
  (void)argc;
  return 0;
#endif
}

Determining if the function pthread_create exists in the pthreads failed with the following output:
Change Dir: /home/jplda23/catkin_ws/build/cob_scan_unifier/CMakeFiles/CMakeTmp

Run Build Command:"/usr/bin/make" "cmTC_b93b8/fast"
/usr/bin/make -f CMakeFiles/cmTC_b93b8.dir/build.make CMakeFiles/cmTC_b93b8.dir/build
make[1]: Entering directory '/home/jplda23/catkin_ws/build/cob_scan_unifier/CMakeFiles/CMakeTmp'
Building C object CMakeFiles/cmTC_b93b8.dir/CheckFunctionExists.c.o
/usr/bin/cc    -Wall -O3 -DCHECK_FUNCTION_EXISTS=pthread_create   -o CMakeFiles/cmTC_b93b8.dir/CheckFunctionExists.c.o   -c /usr/share/cmake-3.5/Modules/CheckFunctionExists.c
Linking C executable cmTC_b93b8
/usr/bin/cmake -E cmake_link_script CMakeFiles/cmTC_b93b8.dir/link.txt --verbose=1
/usr/bin/cc   -Wall -O3 -DCHECK_FUNCTION_EXISTS=pthread_create    CMakeFiles/cmTC_b93b8.dir/CheckFunctionExists.c.o  -o cmTC_b93b8 -rdynamic -lpthreads 
/usr/bin/ld: cannot find -lpthreads
collect2: error: ld returned 1 exit status
CMakeFiles/cmTC_b93b8.dir/build.make:97: recipe for target 'cmTC_b93b8' failed
make[1]: *** [cmTC_b93b8] Error 1
make[1]: Leaving directory '/home/jplda23/catkin_ws/build/cob_scan_unifier/CMakeFiles/CMakeTmp'
Makefile:126: recipe for target 'cmTC_b93b8/fast' failed
make: *** [cmTC_b93b8/fast] Error 2


