Determining if the pthread_create exist failed with the following output:
Change Dir: /home/de/catkin_ws/build/my_aruco_tracker/CMakeFiles/CMakeTmp

Run Build Command:"/usr/bin/make" "cmTC_d6a8a/fast"
/usr/bin/make -f CMakeFiles/cmTC_d6a8a.dir/build.make CMakeFiles/cmTC_d6a8a.dir/build
make[1]: Entering directory '/home/de/catkin_ws/build/my_aruco_tracker/CMakeFiles/CMakeTmp'
Building C object CMakeFiles/cmTC_d6a8a.dir/CheckSymbolExists.c.o
/usr/bin/cc     -o CMakeFiles/cmTC_d6a8a.dir/CheckSymbolExists.c.o   -c /home/de/catkin_ws/build/my_aruco_tracker/CMakeFiles/CMakeTmp/CheckSymbolExists.c
Linking C executable cmTC_d6a8a
/usr/bin/cmake -E cmake_link_script CMakeFiles/cmTC_d6a8a.dir/link.txt --verbose=1
/usr/bin/cc       CMakeFiles/cmTC_d6a8a.dir/CheckSymbolExists.c.o  -o cmTC_d6a8a -rdynamic 
CMakeFiles/cmTC_d6a8a.dir/CheckSymbolExists.c.o: In function `main':
CheckSymbolExists.c:(.text+0x16): undefined reference to `pthread_create'
collect2: error: ld returned 1 exit status
CMakeFiles/cmTC_d6a8a.dir/build.make:97: recipe for target 'cmTC_d6a8a' failed
make[1]: *** [cmTC_d6a8a] Error 1
make[1]: Leaving directory '/home/de/catkin_ws/build/my_aruco_tracker/CMakeFiles/CMakeTmp'
Makefile:126: recipe for target 'cmTC_d6a8a/fast' failed
make: *** [cmTC_d6a8a/fast] Error 2

File /home/de/catkin_ws/build/my_aruco_tracker/CMakeFiles/CMakeTmp/CheckSymbolExists.c:
/* */
#include <pthread.h>

int main(int argc, char** argv)
{
  (void)argv;
#ifndef pthread_create
  return ((int*)(&pthread_create))[argc];
#else
  (void)argc;
  return 0;
#endif
}

Determining if the function pthread_create exists in the pthreads failed with the following output:
Change Dir: /home/de/catkin_ws/build/my_aruco_tracker/CMakeFiles/CMakeTmp

Run Build Command:"/usr/bin/make" "cmTC_3789d/fast"
/usr/bin/make -f CMakeFiles/cmTC_3789d.dir/build.make CMakeFiles/cmTC_3789d.dir/build
make[1]: Entering directory '/home/de/catkin_ws/build/my_aruco_tracker/CMakeFiles/CMakeTmp'
Building C object CMakeFiles/cmTC_3789d.dir/CheckFunctionExists.c.o
/usr/bin/cc    -DCHECK_FUNCTION_EXISTS=pthread_create   -o CMakeFiles/cmTC_3789d.dir/CheckFunctionExists.c.o   -c /usr/share/cmake-3.5/Modules/CheckFunctionExists.c
Linking C executable cmTC_3789d
/usr/bin/cmake -E cmake_link_script CMakeFiles/cmTC_3789d.dir/link.txt --verbose=1
/usr/bin/cc   -DCHECK_FUNCTION_EXISTS=pthread_create    CMakeFiles/cmTC_3789d.dir/CheckFunctionExists.c.o  -o cmTC_3789d -rdynamic -lpthreads 
/usr/bin/ld: cannot find -lpthreads
collect2: error: ld returned 1 exit status
CMakeFiles/cmTC_3789d.dir/build.make:97: recipe for target 'cmTC_3789d' failed
make[1]: *** [cmTC_3789d] Error 1
make[1]: Leaving directory '/home/de/catkin_ws/build/my_aruco_tracker/CMakeFiles/CMakeTmp'
Makefile:126: recipe for target 'cmTC_3789d/fast' failed
make: *** [cmTC_3789d/fast] Error 2


